2025-03-26 17:54:19,026 - INFO - Iniciando pipeline - Base: creditcard | Modelo: xgb
2025-03-26 17:54:19,026 - INFO - Uso inicial de memória: 184.19 MB
2025-03-26 17:54:19,027 - INFO - Carregando dados de treino...
2025-03-26 17:54:19,027 - INFO - Iniciando amostragem de data/processed/dados_creditcard_treinamento_completo.csv
2025-03-26 17:54:19,031 - ERROR - Erro na amostragem: [Errno 2] No such file or directory: 'data/processed/dados_creditcard_treinamento_completo.csv'
2025-03-26 17:54:19,031 - ERROR - Erro no pipeline: [Errno 2] No such file or directory: 'data/processed/dados_creditcard_treinamento_completo.csv'
2025-03-26 17:59:17,053 - INFO - Iniciando pipeline para creditcard com xgb
2025-03-26 17:59:17,054 - INFO - Memória inicial: 184.13 MB
2025-03-26 17:59:17,054 - INFO - Carregando dados de treino...
2025-03-26 17:59:24,612 - INFO - Iniciando amostragem de data/processed/dados_treinamento_completo.csv
2025-03-26 17:59:33,225 - INFO - Carregando dados de teste...
2025-03-26 17:59:36,272 - INFO - Iniciando amostragem de data/processed/dados_teste_completo.csv
2025-03-26 17:59:39,983 - INFO - Pré-processando dados...
2025-03-26 17:59:39,983 - INFO - Processando valores faltantes
2025-03-26 17:59:40,019 - INFO - Processando valores faltantes
2025-03-26 17:59:40,054 - INFO - Aplicando SMOTE...
2025-03-26 17:59:40,421 - INFO - Iniciando treinamento do XGB
2025-03-26 17:59:40,812 - INFO - Registrando resultados...
2025-03-26 17:59:40,814 - INFO - Gerando visualizações...
2025-03-26 17:59:46,551 - INFO - Enviando notificação por e-mail...
2025-03-26 17:59:49,272 - INFO - Processo concluído! Memória final: 222.32 MB
2025-03-26 18:01:05,124 - INFO - Iniciando pipeline para creditcard com rf
2025-03-26 18:01:05,125 - INFO - Memória inicial: 183.94 MB
2025-03-26 18:01:05,125 - INFO - Carregando dados de treino...
2025-03-26 18:01:12,482 - INFO - Iniciando amostragem de data/processed/dados_treinamento_completo.csv
2025-03-26 18:01:21,138 - INFO - Carregando dados de teste...
2025-03-26 18:01:24,161 - INFO - Iniciando amostragem de data/processed/dados_teste_completo.csv
2025-03-26 18:01:27,982 - INFO - Pré-processando dados...
2025-03-26 18:01:27,983 - INFO - Processando valores faltantes
2025-03-26 18:01:28,018 - INFO - Processando valores faltantes
2025-03-26 18:01:28,053 - INFO - Aplicando SMOTE...
2025-03-26 18:01:28,421 - INFO - Iniciando treinamento do RF
2025-03-26 18:01:29,673 - INFO - Registrando resultados...
2025-03-26 18:01:29,675 - INFO - Gerando visualizações...
2025-03-26 18:01:39,378 - INFO - Enviando notificação por e-mail...
2025-03-26 18:01:40,700 - INFO - Processo concluído! Memória final: 223.32 MB
2025-03-26 18:16:27,875 - INFO - Iniciando treinamento - Base: creditcard | Modelo: xgb
2025-03-26 18:16:27,876 - INFO - Memória inicial: 183.97 MB
2025-03-26 18:16:27,876 - INFO - Carregando dataset completo do Creditcard
2025-03-26 18:16:30,892 - INFO - Processando dados...
2025-03-26 18:16:30,956 - INFO - Aplicando SMOTE...
2025-03-26 18:16:31,942 - INFO - Treinando modelo XGB...
2025-03-26 18:16:37,530 - INFO - Calculando métricas...
2025-03-26 18:16:37,613 - INFO - Salvando resultados...
2025-03-26 18:16:37,615 - INFO - Gerando visualizações...
2025-03-26 18:16:37,616 - ERROR - Erro no pipeline: plot_confusion_matrix() got an unexpected keyword argument 'save_path'
2025-03-26 18:24:39,807 - INFO - Iniciando treinamento - Base: creditcard | Modelo: xgb
2025-03-26 18:24:39,808 - INFO - Memória inicial: 183.71 MB
2025-03-26 18:24:39,808 - INFO - Carregando dataset completo do Creditcard
2025-03-26 18:24:42,796 - INFO - Processando dados...
2025-03-26 18:24:42,853 - INFO - Aplicando SMOTE...
2025-03-26 18:24:43,846 - INFO - Treinando modelo XGB...
2025-03-26 18:24:49,067 - INFO - Calculando métricas...
2025-03-26 18:24:49,146 - INFO - Salvando resultados...
2025-03-26 18:24:49,148 - INFO - Gerando visualizações...
2025-03-26 18:24:50,835 - INFO - Enviando notificação...
2025-03-26 18:24:52,313 - ERROR - Erro no pipeline: AlertaMLOutlook.enviar_alerta_ml() got an unexpected keyword argument 'resultados'
2025-03-26 18:42:27,010 - INFO - Iniciando treinamento - Base: creditcard | Modelo: xgb
2025-03-26 18:42:27,011 - INFO - Memória inicial: 183.70 MB
2025-03-26 18:42:27,011 - INFO - Carregando dataset completo do Creditcard
2025-03-26 18:42:30,010 - INFO - Processando dados...
2025-03-26 18:42:30,065 - INFO - Aplicando SMOTE...
2025-03-26 18:42:31,053 - INFO - Treinando modelo XGB...
2025-03-26 18:42:36,583 - INFO - Calculando métricas...
2025-03-26 18:42:36,652 - INFO - Salvando resultados...
2025-03-26 18:42:36,654 - INFO - Gerando visualizações...
2025-03-26 18:42:38,111 - INFO - Enviando notificação...
2025-03-26 19:02:00,225 - INFO - Iniciando treinamento - Base: creditcard | Modelo: xgb
2025-03-26 19:02:00,225 - INFO - Memória inicial: 184.21 MB
2025-03-26 19:02:00,226 - INFO - Carregando dataset completo do Creditcard
2025-03-26 19:02:03,242 - INFO - Processando dados...
2025-03-26 19:02:03,294 - INFO - Aplicando SMOTE...
2025-03-26 19:02:04,327 - INFO - Treinando modelo XGB...
2025-03-26 19:02:09,659 - INFO - Calculando métricas...
2025-03-26 19:02:09,730 - INFO - Salvando resultados...
2025-03-26 19:02:09,731 - INFO - Gerando visualizações...
2025-03-26 19:02:11,256 - INFO - Enviando notificação...
2025-03-26 19:08:52,813 - INFO - Iniciando treinamento - Base: creditcard | Modelo: xgb
2025-03-26 19:08:52,814 - INFO - Memória inicial: 184.25 MB
2025-03-26 19:08:52,814 - INFO - Carregando dataset completo do Creditcard
2025-03-26 19:08:55,940 - INFO - Processando dados...
2025-03-26 19:08:55,993 - INFO - Aplicando SMOTE...
2025-03-26 19:08:57,010 - INFO - Treinando modelo XGB...
2025-03-26 19:09:02,306 - INFO - Calculando métricas...
2025-03-26 19:09:02,378 - INFO - Salvando resultados...
2025-03-26 19:09:02,379 - INFO - Gerando visualizações...
2025-03-26 19:09:03,857 - INFO - Enviando notificação...
2025-03-26 19:49:44,322 - INFO - Iniciando treinamento - Base: creditcard | Modelo: xgb
2025-03-26 19:49:44,322 - INFO - Memória inicial: 184.20 MB
2025-03-26 19:49:44,322 - INFO - Carregando dataset completo do Creditcard
2025-03-26 19:49:47,289 - INFO - Processando dados...
2025-03-26 19:49:47,344 - INFO - Aplicando SMOTE...
2025-03-26 19:49:48,314 - INFO - Treinando modelo XGB...
2025-03-26 19:49:53,649 - INFO - Calculando métricas...
2025-03-26 19:49:53,723 - INFO - Salvando resultados...
2025-03-26 19:49:53,725 - INFO - Gerando visualizações...
2025-03-26 19:49:53,726 - ERROR - Erro no pipeline: plot_confusion_matrix() got an unexpected keyword argument 'save_path'
2025-03-26 19:57:41,674 - INFO - Iniciando treinamento - Base: creditcard | Modelo: xgb
2025-03-26 19:57:41,675 - INFO - Memória inicial: 184.52 MB
2025-03-26 19:57:41,676 - INFO - Carregando dataset completo do Creditcard
2025-03-26 19:57:44,621 - INFO - Processando dados...
2025-03-26 19:57:44,674 - INFO - Aplicando SMOTE...
2025-03-26 19:57:45,646 - INFO - Treinando modelo XGB...
2025-03-26 19:57:50,883 - INFO - Calculando métricas...
2025-03-26 19:57:50,952 - INFO - Salvando resultados...
2025-03-26 19:57:50,954 - INFO - Gerando visualizações...
2025-03-26 19:57:52,663 - INFO - Predições salvas em results/predictions
2025-03-26 19:57:52,664 - INFO - Enviando notificação...
2025-03-26 20:00:56,174 - INFO - Iniciando treinamento - Base: creditcard | Modelo: xgb
2025-03-26 20:00:56,175 - INFO - Memória inicial: 184.14 MB
2025-03-26 20:00:56,175 - INFO - Carregando dataset completo do Creditcard
2025-03-26 20:00:59,122 - INFO - Processando dados...
2025-03-26 20:00:59,176 - INFO - Aplicando SMOTE...
2025-03-26 20:01:00,192 - INFO - Treinando modelo XGB...
2025-03-26 20:01:05,358 - INFO - Calculando métricas...
2025-03-26 20:01:05,432 - INFO - Salvando resultados...
2025-03-26 20:01:05,434 - INFO - Gerando visualizações...
2025-03-26 20:01:07,138 - INFO - Predições salvas em results/predictions
2025-03-26 20:01:07,138 - INFO - Enviando notificação...
2025-03-26 20:06:27,327 - INFO - Iniciando treinamento - Base: creditcard | Modelo: xgb
2025-03-26 20:06:27,328 - INFO - Memória inicial: 183.70 MB
2025-03-26 20:06:27,330 - INFO - Carregando dataset completo do Creditcard
2025-03-26 20:06:30,482 - INFO - Processando dados...
2025-03-26 20:06:30,561 - INFO - Aplicando SMOTE...
2025-03-26 20:06:31,645 - INFO - Treinando modelo XGB...
2025-03-26 20:06:37,823 - INFO - Calculando métricas...
2025-03-26 20:06:37,896 - INFO - Salvando resultados...
2025-03-26 20:06:37,898 - INFO - Gerando visualizações...
2025-03-26 20:06:40,222 - INFO - Predições salvas em results/predictions
2025-03-26 20:06:40,222 - INFO - Enviando notificação...
2025-03-26 20:06:40,574 - INFO - Processo concluído! Memória final: 451.07 MB
2025-03-26 20:19:48,619 - INFO - Iniciando treinamento - Base: creditcard | Modelo: rf
2025-03-26 20:19:48,620 - INFO - Memória inicial: 183.98 MB
2025-03-26 20:19:48,620 - INFO - Carregando dataset completo do Creditcard
2025-03-26 20:19:51,924 - INFO - Processando dados...
2025-03-26 20:19:51,995 - INFO - Aplicando SMOTE...
2025-03-26 20:19:53,230 - INFO - Treinando modelo RF...
2025-03-26 20:23:16,257 - INFO - Calculando métricas...
2025-03-26 20:23:16,313 - INFO - Salvando resultados...
2025-03-26 20:23:16,315 - INFO - Gerando visualizações...
2025-03-26 20:23:19,215 - INFO - Predições salvas em results/predictions
2025-03-26 20:23:19,215 - INFO - Enviando notificação...
2025-03-26 20:23:19,384 - INFO - Processo concluído! Memória final: 470.57 MB
2025-03-26 20:43:53,363 - INFO - Iniciando treinamento - Base: creditcard | Modelo: xgb
2025-03-26 20:43:53,364 - INFO - Memória inicial: 184.12 MB
2025-03-26 20:43:53,365 - INFO - Carregando dataset de treino e teste para creditcard...
2025-03-26 20:43:53,436 - INFO - Processando dados...
2025-03-26 20:43:53,439 - INFO - Aplicando SMOTE...
2025-03-26 20:43:53,835 - INFO - Treinando modelo XGB...
2025-03-26 20:43:54,243 - INFO - Calculando métricas...
2025-03-26 20:43:54,260 - INFO - Salvando resultados...
2025-03-26 20:43:54,265 - INFO - Gerando visualizações...
2025-03-26 20:43:55,630 - INFO - Predições salvas em results/predictions
2025-03-26 20:43:55,631 - INFO - Enviando notificação...
2025-03-26 20:43:55,762 - INFO - Processo concluído! Memória final: 223.14 MB
2025-03-26 20:44:23,032 - INFO - Iniciando treinamento - Base: creditcard | Modelo: rf
2025-03-26 20:44:23,033 - INFO - Memória inicial: 184.11 MB
2025-03-26 20:44:23,034 - INFO - Carregando dataset de treino e teste para creditcard...
2025-03-26 20:44:23,086 - INFO - Processando dados...
2025-03-26 20:44:23,090 - INFO - Aplicando SMOTE...
2025-03-26 20:44:23,378 - INFO - Treinando modelo RF...
2025-03-26 20:44:24,616 - INFO - Calculando métricas...
2025-03-26 20:44:24,625 - INFO - Salvando resultados...
2025-03-26 20:44:24,627 - INFO - Gerando visualizações...
2025-03-26 20:44:47,549 - INFO - Predições salvas em results/predictions
2025-03-26 20:44:47,549 - INFO - Enviando notificação...
2025-03-26 20:44:47,671 - INFO - Processo concluído! Memória final: 217.30 MB
2025-03-26 20:51:10,866 - INFO - Iniciando treinamento - Base: creditcard | Modelo: rf
2025-03-26 20:51:10,867 - INFO - Memória inicial: 183.99 MB
2025-03-26 20:51:10,867 - INFO - Carregando dataset de treino e teste para creditcard...
2025-03-26 20:51:10,919 - INFO - Processando dados...
2025-03-26 20:51:10,923 - INFO - Aplicando SMOTE...
2025-03-26 20:51:11,307 - INFO - Treinando modelo RF...
2025-03-26 20:51:12,461 - INFO - Calculando métricas...
2025-03-26 20:51:12,471 - INFO - Salvando resultados...
2025-03-26 20:51:12,473 - INFO - Gerando visualizações...
2025-03-26 20:51:41,742 - INFO - Predições salvas em results/predictions
2025-03-26 20:51:41,744 - INFO - Enviando notificação...
2025-03-26 20:51:41,937 - INFO - Processo concluído! Memória final: 220.11 MB
2025-03-26 20:57:23,521 - INFO - Iniciando treinamento - Base: ieee | Modelo: xgb
2025-03-26 20:57:23,522 - INFO - Memória inicial: 183.86 MB
2025-03-26 20:57:23,524 - ERROR - Erro no pipeline: Arquivos de amostra não encontrados para ieee!
2025-03-26 21:12:00,813 - INFO - Iniciando treinamento - Base: ieee | Modelo: xgb
2025-03-26 21:12:00,814 - INFO - Memória inicial: 183.97 MB
2025-03-26 21:12:00,814 - INFO - Criando amostras para ieee...
2025-03-26 21:23:08,003 - INFO - Amostras salvas em data/processed/amostra_treino_ieee.csv e data/processed/amostra_teste_ieee.csv
2025-03-26 21:23:08,426 - INFO - Carregando dataset de treino e teste para ieee...
2025-03-26 21:23:17,718 - INFO - Processando dados...
2025-03-26 21:23:17,786 - INFO - Aplicando SMOTE...
2025-03-26 21:23:18,251 - ERROR - Erro no pipeline: Input X contains NaN.
SMOTE does not accept missing values encoded as NaN natively. For supervised learning, you might want to consider sklearn.ensemble.HistGradientBoostingClassifier and Regressor which accept missing values encoded as NaNs natively. Alternatively, it is possible to preprocess the data, for instance by using an imputer transformer in a pipeline or drop samples with missing values. See https://scikit-learn.org/stable/modules/impute.html You can find a list of all estimators that handle NaN values at the following page: https://scikit-learn.org/stable/modules/impute.html#estimators-that-handle-nan-values
2025-03-26 21:30:51,454 - INFO - Iniciando treinamento - Base: ieee | Modelo: xgb
2025-03-26 21:30:51,454 - INFO - Memória inicial: 184.83 MB
2025-03-26 21:30:51,456 - INFO - Amostras já existem para ieee
2025-03-26 21:30:51,457 - INFO - Carregando dataset de treino e teste para ieee...
2025-03-26 21:31:00,627 - INFO - Processando dados...
2025-03-26 21:31:00,696 - WARNING - Valores NaN encontrados - Aplicando tratamento final
2025-03-26 21:31:05,084 - ERROR - Dados ainda contêm NaN após tratamento - usando dados originais
2025-03-26 21:31:05,233 - INFO - Treinando modelo XGB...
2025-03-26 21:31:13,767 - INFO - Calculando métricas...
2025-03-26 21:31:13,781 - INFO - Salvando resultados...
2025-03-26 21:31:13,784 - INFO - Gerando visualizações...
2025-03-26 21:31:54,313 - INFO - Predições salvas em results/predictions
2025-03-26 21:31:54,314 - INFO - Enviando notificação...
2025-03-26 21:31:55,800 - ERROR - Erro no pipeline: AlertaMLOutlook.enviar_alerta_ml() got an unexpected keyword argument 'graficos_dir'
Traceback (most recent call last):
  File "C:\Users\Guilherme\Desktop\TCC - Guilherme - Copia\experiments\train.py", line 244, in main
    alerta_outlook.enviar_alerta_ml(graficos_dir=plot_dir)
TypeError: AlertaMLOutlook.enviar_alerta_ml() got an unexpected keyword argument 'graficos_dir'
2025-03-26 21:32:31,262 - INFO - Iniciando treinamento - Base: ieee | Modelo: rf
2025-03-26 21:32:31,262 - INFO - Memória inicial: 184.42 MB
2025-03-26 21:32:31,263 - INFO - Amostras já existem para ieee
2025-03-26 21:32:31,263 - INFO - Carregando dataset de treino e teste para ieee...
2025-03-26 21:32:41,948 - INFO - Processando dados...
2025-03-26 21:32:42,054 - WARNING - Valores NaN encontrados - Aplicando tratamento final
2025-03-26 21:32:47,330 - ERROR - Dados ainda contêm NaN após tratamento - usando dados originais
2025-03-26 21:32:47,504 - INFO - Treinando modelo RF...
2025-03-26 21:32:51,163 - INFO - Calculando métricas...
2025-03-26 21:32:51,176 - INFO - Salvando resultados...
2025-03-26 21:32:51,179 - INFO - Gerando visualizações...
2025-03-26 21:32:56,820 - INFO - Predições salvas em results/predictions
2025-03-26 21:32:56,827 - INFO - Enviando notificação...
2025-03-26 21:32:56,890 - ERROR - Erro no pipeline: AlertaMLOutlook.enviar_alerta_ml() got an unexpected keyword argument 'graficos_dir'
Traceback (most recent call last):
  File "C:\Users\Guilherme\Desktop\TCC - Guilherme - Copia\experiments\train.py", line 244, in main
    alerta_outlook.enviar_alerta_ml(graficos_dir=plot_dir)
TypeError: AlertaMLOutlook.enviar_alerta_ml() got an unexpected keyword argument 'graficos_dir'
2025-03-26 22:07:59,039 - INFO - Iniciando treinamento - Base: ieee | Modelo: rf
2025-03-26 22:07:59,039 - INFO - Memória inicial: 184.19 MB
2025-03-26 22:07:59,040 - INFO - Amostras já existem para ieee
2025-03-26 22:07:59,040 - INFO - Carregando dataset de treino e teste para ieee...
2025-03-26 22:08:08,029 - INFO - Processando dados...
2025-03-26 22:08:08,095 - WARNING - Valores NaN encontrados - Aplicando tratamento final
2025-03-26 22:08:12,464 - ERROR - Dados ainda contêm NaN após tratamento - usando dados originais
2025-03-26 22:08:12,606 - INFO - Treinando modelo RF...
2025-03-26 22:08:16,178 - INFO - Calculando métricas...
2025-03-26 22:08:16,197 - INFO - Salvando resultados...
2025-03-26 22:08:16,200 - INFO - Gerando visualizações...
2025-03-26 22:08:30,022 - INFO - Predições salvas em results/predictions
2025-03-26 22:08:30,028 - INFO - Enviando notificação...
2025-03-26 22:08:30,513 - INFO - Processo concluído! Memória final: 404.56 MB
2025-03-26 22:47:44,522 - INFO - Iniciando treinamento - Base: ieee | Modelo: rf
2025-03-26 22:47:44,523 - INFO - Memória inicial: 184.55 MB
2025-03-26 22:47:44,523 - INFO - Amostras já existem para ieee
2025-03-26 22:47:44,523 - INFO - Carregando dataset de treino e teste para ieee...
2025-03-26 22:47:53,803 - INFO - Processando dados...
2025-03-26 22:47:53,921 - WARNING - Valores NaN encontrados - Aplicando tratamento final
2025-03-26 22:47:58,787 - ERROR - Dados ainda contêm NaN após tratamento - usando dados originais
2025-03-26 22:47:59,073 - INFO - Treinando modelo RF...
2025-03-26 22:48:03,042 - INFO - Calculando métricas...
2025-03-26 22:48:03,057 - INFO - Salvando resultados...
2025-03-26 23:13:28,714 - INFO - Iniciando treinamento - Base: creditcard | Modelo: xgb
2025-03-26 23:13:28,715 - INFO - Amostras já existem para creditcard
2025-03-26 23:13:29,479 - ERROR - Erro no pipeline: too many values to unpack (expected 2)
Traceback (most recent call last):
  File "C:\Users\Guilherme\Desktop\TCC - Guilherme - Copia\experiments\train.py", line 223, in main
    modelo, preds = treinar_xgb(df_train_smote, pd.concat([X_test, y_test], axis=1), target)
    ^^^^^^^^^^^^^
ValueError: too many values to unpack (expected 2)
2025-03-26 23:16:02,977 - INFO - Iniciando treinamento - Base: creditcard | Modelo: xgb
2025-03-26 23:16:02,978 - INFO - Memória inicial: 184.42 MB
2025-03-26 23:16:02,979 - INFO - Amostras já existem para creditcard
2025-03-26 23:16:02,979 - INFO - Carregando dataset de treino e teste para creditcard...
2025-03-26 23:16:03,029 - INFO - Processando dados...
2025-03-26 23:16:03,035 - INFO - Aplicando SMOTE...
2025-03-26 23:16:03,359 - INFO - Treinando modelo XGB...
2025-03-26 23:16:03,708 - INFO - Calculando métricas...
2025-03-26 23:16:03,721 - INFO - Salvando resultados...
2025-03-26 23:16:03,724 - INFO - Gerando visualizações...
2025-03-26 23:16:07,503 - INFO - Predições salvas em results/predictions
2025-03-26 23:16:07,503 - INFO - Enviando notificação...
2025-03-26 23:16:07,744 - INFO - Processo concluído! Memória final: 224.01 MB
2025-03-26 23:35:57,113 - INFO - Iniciando treinamento - Base: creditcard | Modelo: xgb
2025-03-26 23:35:57,114 - INFO - Memória inicial: 184.27 MB
2025-03-26 23:35:57,114 - INFO - Amostras já existem para creditcard
2025-03-26 23:35:57,115 - INFO - Carregando dataset de treino e teste para creditcard...
2025-03-26 23:35:57,182 - INFO - Processando dados...
2025-03-26 23:35:57,189 - INFO - Aplicando SMOTE...
2025-03-26 23:35:57,529 - INFO - Treinando modelo XGB...
2025-03-26 23:35:57,911 - INFO - Calculando métricas...
2025-03-26 23:35:57,921 - INFO - Salvando resultados...
2025-03-26 23:35:57,924 - INFO - Gerando visualizações...
2025-03-26 23:36:09,250 - INFO - Predições salvas em results/predictions
2025-03-26 23:36:09,251 - INFO - Enviando notificação...
2025-03-26 23:36:09,374 - INFO - Processo concluído! Memória final: 228.22 MB
2025-03-26 23:46:06,189 - INFO - Iniciando treinamento - Base: creditcard | Modelo: xgb
2025-03-26 23:46:06,191 - INFO - Memória inicial: 184.59 MB
2025-03-26 23:46:06,193 - INFO - Amostras já existem para creditcard
2025-03-26 23:46:06,196 - INFO - Carregando dataset de treino e teste para creditcard...
2025-03-26 23:46:06,360 - INFO - Processando dados...
2025-03-26 23:46:06,365 - INFO - Aplicando SMOTE...
2025-03-26 23:46:06,685 - INFO - Treinando modelo XGB...
2025-03-26 23:46:07,024 - INFO - Calculando métricas...
2025-03-26 23:46:07,038 - INFO - Salvando resultados...
2025-03-26 23:46:07,052 - INFO - Salvando resultados...
2025-03-26 23:46:07,054 - INFO - Gerando visualizações...
2025-03-26 23:46:12,300 - INFO - Predições salvas em results/predictions
2025-03-26 23:46:12,301 - INFO - Enviando notificação...
2025-03-26 23:46:12,414 - INFO - Processo concluído! Memória final: 210.79 MB
2025-03-26 23:48:53,238 - INFO - Iniciando treinamento - Base: creditcard | Modelo: rf
2025-03-26 23:48:53,239 - INFO - Memória inicial: 184.66 MB
2025-03-26 23:48:53,240 - INFO - Amostras já existem para creditcard
2025-03-26 23:48:53,240 - INFO - Carregando dataset de treino e teste para creditcard...
2025-03-26 23:48:53,315 - INFO - Processando dados...
2025-03-26 23:48:53,320 - INFO - Aplicando SMOTE...
2025-03-26 23:48:53,664 - INFO - Treinando modelo RF...
2025-03-26 23:48:54,890 - INFO - Calculando métricas...
2025-03-26 23:48:54,900 - INFO - Salvando resultados...
2025-03-26 23:48:54,912 - INFO - Salvando resultados...
2025-03-26 23:48:54,915 - INFO - Gerando visualizações...
2025-03-26 23:49:06,985 - INFO - Predições salvas em results/predictions
2025-03-26 23:49:06,986 - INFO - Enviando notificação...
2025-03-26 23:49:07,215 - INFO - Processo concluído! Memória final: 210.77 MB
2025-03-26 23:50:32,436 - INFO - Iniciando treinamento - Base: ieee | Modelo: xgb
2025-03-26 23:50:32,437 - INFO - Memória inicial: 184.94 MB
2025-03-26 23:50:32,437 - INFO - Amostras já existem para ieee
2025-03-26 23:50:32,437 - INFO - Carregando dataset de treino e teste para ieee...
2025-03-26 23:50:41,538 - INFO - Processando dados...
2025-03-26 23:50:41,604 - WARNING - Valores NaN encontrados - Aplicando tratamento final
2025-03-26 23:50:45,940 - ERROR - Dados ainda contêm NaN após tratamento - usando dados originais
2025-03-26 23:50:46,089 - INFO - Treinando modelo XGB...
2025-03-26 23:50:54,451 - INFO - Calculando métricas...
2025-03-26 23:50:54,464 - INFO - Salvando resultados...
2025-03-26 23:50:54,480 - INFO - Salvando resultados...
2025-03-26 23:50:54,482 - INFO - Gerando visualizações...
2025-03-26 23:54:49,013 - INFO - Predições salvas em results/predictions
2025-03-26 23:54:49,013 - INFO - Enviando notificação...
2025-03-26 23:54:49,123 - INFO - Processo concluído! Memória final: 526.53 MB
2025-03-26 23:55:36,442 - INFO - Iniciando treinamento - Base: ieee | Modelo: rf
2025-03-26 23:55:36,442 - INFO - Memória inicial: 184.50 MB
2025-03-26 23:55:36,443 - INFO - Amostras já existem para ieee
2025-03-26 23:55:36,444 - INFO - Carregando dataset de treino e teste para ieee...
2025-03-26 23:55:45,385 - INFO - Processando dados...
2025-03-26 23:55:45,453 - WARNING - Valores NaN encontrados - Aplicando tratamento final
2025-03-26 23:55:49,797 - ERROR - Dados ainda contêm NaN após tratamento - usando dados originais
2025-03-26 23:55:49,945 - INFO - Treinando modelo RF...
2025-03-26 23:55:53,472 - INFO - Calculando métricas...
2025-03-26 23:55:53,486 - INFO - Salvando resultados...
2025-03-26 23:55:53,499 - INFO - Salvando resultados...
2025-03-26 23:55:53,502 - INFO - Gerando visualizações...
2025-03-26 23:58:47,332 - INFO - Predições salvas em results/predictions
2025-03-26 23:58:47,333 - INFO - Enviando notificação...
2025-03-26 23:58:47,459 - INFO - Processo concluído! Memória final: 464.96 MB
